[debug] [2021-05-23T23:24:37.198Z] ----------------------------------------------------------------------
[debug] [2021-05-23T23:24:37.201Z] Command:       /usr/bin/node /usr/local/bin/firebase init
[debug] [2021-05-23T23:24:37.201Z] CLI Version:   9.1.0
[debug] [2021-05-23T23:24:37.201Z] Platform:      linux
[debug] [2021-05-23T23:24:37.202Z] Node Version:  v10.19.0
[debug] [2021-05-23T23:24:37.202Z] Time:          Mon May 24 2021 01:24:37 GMT+0200 (Eastern European Standard Time)
[debug] [2021-05-23T23:24:37.202Z] ----------------------------------------------------------------------
[debug] [2021-05-23T23:24:37.202Z] 
[debug] [2021-05-23T23:24:37.208Z] > command requires scopes: ["email","openid","https://www.googleapis.com/auth/cloudplatformprojects.readonly","https://www.googleapis.com/auth/firebase","https://www.googleapis.com/auth/cloud-platform"]
[debug] [2021-05-23T23:24:37.208Z] > authorizing via signed-in user
[info] 
     ######## #### ########  ######## ########     ###     ######  ########
     ##        ##  ##     ## ##       ##     ##  ##   ##  ##       ##
     ######    ##  ########  ######   ########  #########  ######  ######
     ##        ##  ##    ##  ##       ##     ## ##     ##       ## ##
     ##       #### ##     ## ######## ########  ##     ##  ######  ########

You're about to initialize a Firebase project in this directory:

  /media/mohamed/mohamed/my project/marioplan

Before we get started, keep in mind:

  * You are currently outside your home directory

